#
# A fatal error has been detected by the Java Runtime Environment:
#
#  EXCEPTION_ACCESS_VIOLATION (0xc0000005) at pc=0x02b44766, pid=6168, tid=0x000009ac
#
# JRE version: Java(TM) SE Runtime Environment (8.0_261-b12) (build 1.8.0_261-b12)
# Java VM: Java HotSpot(TM) Client VM (25.261-b12 mixed mode windows-x86 )
# Problematic frame:
# j  com.sun.prism.impl.GlyphCache.render(Lcom/sun/prism/impl/BaseContext;Lcom/sun/javafx/scene/text/GlyphList;FFIILcom/sun/prism/paint/Color;Lcom/sun/prism/paint/Color;Lcom/sun/javafx/geom/transform/BaseTransform;Lcom/sun/javafx/geom/BaseBounds;)V+135
#
# Failed to write core dump. Minidumps are not enabled by default on client versions of Windows
#
# If you would like to submit a bug report, please visit:
#   http://bugreport.java.com/bugreport/crash.jsp
#

---------------  T H R E A D  ---------------

Current thread (0x158d4800):  JavaThread "QuantumRenderer-0" daemon [_thread_in_Java, id=2476, stack(0x15ce0000,0x15d30000)]

siginfo: ExceptionCode=0xc0000005, reading address 0x02957fcc

Registers:
EAX=0x17f8c6b0, EBX=0x17f8c3d8, ECX=0x02957fc8, EDX=0x40000002
ESP=0x15d2ea00, EBP=0x15d2ea2c, ESI=0x1c22eaa7, EDI=0x15d2ea8c
EIP=0x02b44766, EFLAGS=0x00010246

Top of Stack: (sp=0x15d2ea00)
0x15d2ea00:   02b34525 04dead90 02957fc8 15d2ea0c
0x15d2ea10:   1c22eaa7 15d2ea8c 1c22f4e0 00000000
0x15d2ea20:   1c22eb90 00000000 15d2ea64 15d2eab0
0x15d2ea30:   02b34864 00000000 00000000 00000000
0x15d2ea40:   00000013 00000000 04dead90 00000000
0x15d2ea50:   00000001 0a220908 0a9848a8 00000196
0x15d2ea60:   0000026c 04dea398 0a205a28 04dead68
0x15d2ea70:   00000000 ffffffff ffffffff 42e00000 

Instructions: (pc=0x02b44766)
0x02b44746:   74 24 04 89 75 f8 ff 63 30 8b 41 04 8b 9c 98 08
0x02b44756:   01 00 00 8d 74 24 04 89 75 f8 ff 63 30 8b 7d e8
0x02b44766:   8b 51 04 8b ba b4 00 00 00 8d bc ba 08 01 00 00
0x02b44776:   83 c7 07 83 e7 f8 8b 37 3b c6 74 11 85 f6 0f 84 


Register to memory mapping:

EAX=0x17f8c6b0 is pointing into metadata
EBX={method} {0x17f8c3dc} 'getQuantizedPosition' '(Lcom/sun/javafx/geom/Point2D;)I' in 'com/sun/javafx/font/FontStrike'
ECX=0x02957fc8 is an unknown value
EDX=0x40000002 is an unknown value
ESP=0x15d2ea00 is pointing into the stack for thread: 0x158d4800
EBP=0x15d2ea2c is pointing into the stack for thread: 0x158d4800
ESI=0x1c22eaa7 is pointing into metadata
EDI=0x15d2ea8c is pointing into the stack for thread: 0x158d4800


Stack: [0x15ce0000,0x15d30000],  sp=0x15d2ea00,  free space=314k
Native frames: (J=compiled Java code, j=interpreted, Vv=VM code, C=native code)
j  com.sun.prism.impl.GlyphCache.render(Lcom/sun/prism/impl/BaseContext;Lcom/sun/javafx/scene/text/GlyphList;FFIILcom/sun/prism/paint/Color;Lcom/sun/prism/paint/Color;Lcom/sun/javafx/geom/transform/BaseTransform;Lcom/sun/javafx/geom/BaseBounds;)V+135
j  com.sun.prism.impl.ps.BaseShaderGraphics.drawString(Lcom/sun/javafx/scene/text/GlyphList;Lcom/sun/javafx/font/FontStrike;FFLcom/sun/prism/paint/Color;II)V+815
j  com.sun.javafx.sg.prism.NGText.renderText(Lcom/sun/prism/Graphics;Lcom/sun/javafx/font/FontStrike;Lcom/sun/javafx/geom/BaseBounds;Lcom/sun/prism/paint/Color;I)V+198
j  com.sun.javafx.sg.prism.NGText.renderContent2D(Lcom/sun/prism/Graphics;Z)V+238
j  com.sun.javafx.sg.prism.NGShape.renderContent(Lcom/sun/prism/Graphics;)V+454
j  com.sun.javafx.sg.prism.NGNode.doRender(Lcom/sun/prism/Graphics;)V+330
j  com.sun.javafx.sg.prism.NGNode.render(Lcom/sun/prism/Graphics;)V+34
j  com.sun.javafx.sg.prism.NGGroup.renderContent(Lcom/sun/prism/Graphics;)V+160
j  com.sun.javafx.sg.prism.NGRegion.renderContent(Lcom/sun/prism/Graphics;)V+111
j  com.sun.javafx.sg.prism.NGNode.renderForClip(Lcom/sun/prism/Graphics;)V+17
j  com.sun.javafx.sg.prism.NGNode.renderRectClip(Lcom/sun/prism/Graphics;Lcom/sun/javafx/sg/prism/NGRectangle;)V+106
j  com.sun.javafx.sg.prism.NGNode.renderClip(Lcom/sun/prism/Graphics;)V+83
j  com.sun.javafx.sg.prism.NGNode.doRender(Lcom/sun/prism/Graphics;)V+285
j  com.sun.javafx.sg.prism.NGNode.render(Lcom/sun/prism/Graphics;)V+34
j  com.sun.javafx.sg.prism.NGGroup.renderContent(Lcom/sun/prism/Graphics;)V+160
j  com.sun.javafx.sg.prism.NGRegion.renderContent(Lcom/sun/prism/Graphics;)V+111
j  com.sun.javafx.sg.prism.NGNode.doRender(Lcom/sun/prism/Graphics;)V+330
j  com.sun.javafx.sg.prism.NGNode.render(Lcom/sun/prism/Graphics;)V+34
j  com.sun.javafx.sg.prism.NGGroup.renderContent(Lcom/sun/prism/Graphics;)V+160
j  com.sun.javafx.sg.prism.NGNode.doRender(Lcom/sun/prism/Graphics;)V+330
j  com.sun.javafx.sg.prism.NGNode.render(Lcom/sun/prism/Graphics;)V+34
j  com.sun.javafx.sg.prism.NGGroup.renderContent(Lcom/sun/prism/Graphics;)V+160
j  com.sun.javafx.sg.prism.NGRegion.renderContent(Lcom/sun/prism/Graphics;)V+111
j  com.sun.javafx.sg.prism.NGNode.renderForClip(Lcom/sun/prism/Graphics;)V+17
j  com.sun.javafx.sg.prism.NGNode.renderRectClip(Lcom/sun/prism/Graphics;Lcom/sun/javafx/sg/prism/NGRectangle;)V+106
j  com.sun.javafx.sg.prism.NGNode.renderClip(Lcom/sun/prism/Graphics;)V+83
j  com.sun.javafx.sg.prism.NGNode.doRender(Lcom/sun/prism/Graphics;)V+285
j  com.sun.javafx.sg.prism.NGNode.render(Lcom/sun/prism/Graphics;)V+34
j  com.sun.javafx.sg.prism.NGGroup.renderContent(Lcom/sun/prism/Graphics;)V+160
j  com.sun.javafx.sg.prism.NGRegion.renderContent(Lcom/sun/prism/Graphics;)V+111
j  com.sun.javafx.sg.prism.NGNode.doRender(Lcom/sun/prism/Graphics;)V+330
j  com.sun.javafx.sg.prism.NGNode.render(Lcom/sun/prism/Graphics;)V+34
j  com.sun.javafx.sg.prism.NGGroup.renderContent(Lcom/sun/prism/Graphics;)V+160
j  com.sun.javafx.sg.prism.NGRegion.renderContent(Lcom/sun/prism/Graphics;)V+111
j  com.sun.javafx.sg.prism.NGNode.doRender(Lcom/sun/prism/Graphics;)V+330
j  com.sun.javafx.sg.prism.NGNode.render(Lcom/sun/prism/Graphics;)V+34
j  com.sun.javafx.sg.prism.NGGroup.renderContent(Lcom/sun/prism/Graphics;)V+160
j  com.sun.javafx.sg.prism.NGRegion.renderContent(Lcom/sun/prism/Graphics;)V+111
j  com.sun.javafx.sg.prism.NGNode.doRender(Lcom/sun/prism/Graphics;)V+330
j  com.sun.javafx.sg.prism.NGNode.render(Lcom/sun/prism/Graphics;)V+34
j  com.sun.javafx.tk.quantum.ViewPainter.doPaint(Lcom/sun/prism/Graphics;Lcom/sun/javafx/sg/prism/NodePath;)V+201
j  com.sun.javafx.tk.quantum.ViewPainter.paintImpl(Lcom/sun/prism/Graphics;)V+982
j  com.sun.javafx.tk.quantum.PresentingPainter.run()V+326
j  java.util.concurrent.Executors$RunnableAdapter.call()Ljava/lang/Object;+4
j  java.util.concurrent.FutureTask.runAndReset()Z+47
j  com.sun.javafx.tk.RenderJob.run()V+1
j  java.util.concurrent.ThreadPoolExecutor.runWorker(Ljava/util/concurrent/ThreadPoolExecutor$Worker;)V+95
j  java.util.concurrent.ThreadPoolExecutor$Worker.run()V+5
j  com.sun.javafx.tk.quantum.QuantumRenderer$PipelineRunnable.run()V+8
j  java.lang.Thread.run()V+11
v  ~StubRoutines::call_stub
V  [jvm.dll+0x165654]
V  [jvm.dll+0x235f6b]
V  [jvm.dll+0x165e07]
V  [jvm.dll+0x165d46]
V  [jvm.dll+0x10156b]
V  [jvm.dll+0x189c34]
V  [jvm.dll+0x1cef1b]
C  [ucrtbase.DLL+0x3feff]
C  [KERNEL32.DLL+0x16a14]
C  [ntdll.dll+0x5ab4f]
C  [ntdll.dll+0x5ab1a]
C  0x00000000


---------------  P R O C E S S  ---------------

Java Threads: ( => current thread )
  0x17833000 JavaThread "Prism Font Disposer" daemon [_thread_blocked, id=7164, stack(0x1c110000,0x1c160000)]
  0x15c02400 JavaThread "Thread-3" daemon [_thread_in_native, id=5060, stack(0x173f0000,0x17440000)]
  0x15c0cc00 JavaThread "JavaFX-Launcher" [_thread_blocked, id=3544, stack(0x17480000,0x174d0000)]
  0x1595dc00 JavaThread "JavaFX Application Thread" [_thread_in_native, id=5376, stack(0x15f30000,0x16030000)]
  0x15989800 JavaThread "Thread-1" daemon [_thread_blocked, id=3684, stack(0x15e80000,0x15ed0000)]
=>0x158d4800 JavaThread "QuantumRenderer-0" daemon [_thread_in_Java, id=2476, stack(0x15ce0000,0x15d30000)]
  0x1555e800 JavaThread "Service Thread" daemon [_thread_blocked, id=416, stack(0x157c0000,0x15810000)]
  0x15522400 JavaThread "C1 CompilerThread0" daemon [_thread_blocked, id=3120, stack(0x15730000,0x15780000)]
  0x15521c00 JavaThread "Monitor Ctrl-Break" daemon [_thread_in_native, id=6360, stack(0x156a0000,0x156f0000)]
  0x152ab000 JavaThread "Attach Listener" daemon [_thread_blocked, id=4752, stack(0x15410000,0x15460000)]
  0x0127d000 JavaThread "Signal Dispatcher" daemon [_thread_blocked, id=4968, stack(0x15380000,0x153d0000)]
  0x01276c00 JavaThread "Finalizer" daemon [_thread_blocked, id=6756, stack(0x150f0000,0x15140000)]
  0x1529f000 JavaThread "Reference Handler" daemon [_thread_blocked, id=5536, stack(0x15060000,0x150b0000)]
  0x011bd400 JavaThread "main" [_thread_blocked, id=3172, stack(0x010b0000,0x01100000)]

Other Threads:
  0x0126d000 VMThread [stack: 0x04b70000,0x04bc0000] [id=3224]
  0x1552bc00 WatcherThread [stack: 0x15850000,0x158a0000] [id=6320]

VM state:not at safepoint (normal execution)

VM Mutex/Monitor currently owned by a thread: None

Heap:
 def new generation   total 4928K, used 2848K [0x04c00000, 0x05150000, 0x0a150000)
  eden space 4416K,  52% used [0x04c00000, 0x04e48060, 0x05050000)
  from space 512K, 100% used [0x05050000, 0x050d0000, 0x050d0000)
  to   space 512K,   0% used [0x050d0000, 0x050d0000, 0x05150000)
 tenured generation   total 10944K, used 8835K [0x0a150000, 0x0ac00000, 0x14c00000)
   the space 10944K,  80% used [0x0a150000, 0x0a9f0e80, 0x0a9f1000, 0x0ac00000)
 Metaspace       used 11342K, capacity 12063K, committed 12160K, reserved 12672K

Card table byte_map: [0x01300000,0x01390000] byte_map_base: 0x012da000

Polling page: 0x00fd0000

CodeCache: size=32768Kb used=1978Kb max_used=1978Kb free=30789Kb
 bounds [0x02b30000, 0x02d20000, 0x04b30000]
 total_blobs=1317 nmethods=898 adapters=349
 compilation: enabled

Compilation events (10 events):
Event: 3.097 Thread 0x15522400  902             com.sun.javafx.event.EventDispatchChainImpl::ensureCapacity (89 bytes)
Event: 3.097 Thread 0x15522400 nmethod 902 0x02d1e148 code [0x02d1e260, 0x02d1e568]
Event: 3.114 Thread 0x15522400  903             javafx.geometry.Insets::getTop (5 bytes)
Event: 3.114 Thread 0x15522400 nmethod 903 0x02d1e688 code [0x02d1e780, 0x02d1e800]
Event: 3.114 Thread 0x15522400  904             javafx.geometry.Insets::getLeft (5 bytes)
Event: 3.114 Thread 0x15522400 nmethod 904 0x02d1e848 code [0x02d1e940, 0x02d1e9c0]
Event: 3.130 Thread 0x15522400  905             javafx.scene.input.MouseEvent::getSceneX (5 bytes)
Event: 3.131 Thread 0x15522400 nmethod 905 0x02d1ea08 code [0x02d1eb00, 0x02d1eb80]
Event: 3.131 Thread 0x15522400  906             javafx.scene.input.MouseEvent::getSceneY (5 bytes)
Event: 3.131 Thread 0x15522400 nmethod 906 0x02d1ebc8 code [0x02d1ecc0, 0x02d1ed40]

GC Heap History (10 events):
Event: 1.100 GC heap before
{Heap before GC invocations=7 (full 0):
 def new generation   total 4928K, used 4605K [0x04c00000, 0x05150000, 0x0a150000)
  eden space 4416K,  99% used [0x04c00000, 0x0504acd8, 0x05050000)
  from space 512K,  41% used [0x050d0000, 0x051048a8, 0x05150000)
  to   space 512K,   0% used [0x05050000, 0x05050000, 0x050d0000)
 tenured generation   total 10944K, used 3764K [0x0a150000, 0x0ac00000, 0x14c00000)
   the space 10944K,  34% used [0x0a150000, 0x0a4fd1e8, 0x0a4fd200, 0x0ac00000)
 Metaspace       used 9147K, capacity 9622K, committed 9728K, reserved 10624K
Event: 1.103 GC heap after
Heap after GC invocations=8 (full 0):
 def new generation   total 4928K, used 512K [0x04c00000, 0x05150000, 0x0a150000)
  eden space 4416K,   0% used [0x04c00000, 0x04c00000, 0x05050000)
  from space 512K, 100% used [0x05050000, 0x050d0000, 0x050d0000)
  to   space 512K,   0% used [0x050d0000, 0x050d0000, 0x05150000)
 tenured generation   total 10944K, used 3927K [0x0a150000, 0x0ac00000, 0x14c00000)
   the space 10944K,  35% used [0x0a150000, 0x0a525c90, 0x0a525e00, 0x0ac00000)
 Metaspace       used 9147K, capacity 9622K, committed 9728K, reserved 10624K
}
Event: 1.203 GC heap before
{Heap before GC invocations=8 (full 0):
 def new generation   total 4928K, used 4167K [0x04c00000, 0x05150000, 0x0a150000)
  eden space 4416K,  82% used [0x04c00000, 0x04f91ea0, 0x05050000)
  from space 512K, 100% used [0x05050000, 0x050d0000, 0x050d0000)
  to   space 512K,   0% used [0x050d0000, 0x050d0000, 0x05150000)
 tenured generation   total 10944K, used 3927K [0x0a150000, 0x0ac00000, 0x14c00000)
   the space 10944K,  35% used [0x0a150000, 0x0a525c90, 0x0a525e00, 0x0ac00000)
 Metaspace       used 9894K, capacity 10411K, committed 10496K, reserved 10624K
Event: 1.209 GC heap after
Heap after GC invocations=9 (full 0):
 def new generation   total 4928K, used 488K [0x04c00000, 0x05150000, 0x0a150000)
  eden space 4416K,   0% used [0x04c00000, 0x04c00000, 0x05050000)
  from space 512K,  95% used [0x050d0000, 0x0514a240, 0x05150000)
  to   space 512K,   0% used [0x05050000, 0x05050000, 0x050d0000)
 tenured generation   total 10944K, used 4420K [0x0a150000, 0x0ac00000, 0x14c00000)
   the space 10944K,  40% used [0x0a150000, 0x0a5a1338, 0x0a5a1400, 0x0ac00000)
 Metaspace       used 9894K, capacity 10411K, committed 10496K, reserved 10624K
}
Event: 2.284 GC heap before
{Heap before GC invocations=9 (full 0):
 def new generation   total 4928K, used 4904K [0x04c00000, 0x05150000, 0x0a150000)
  eden space 4416K, 100% used [0x04c00000, 0x05050000, 0x05050000)
  from space 512K,  95% used [0x050d0000, 0x0514a240, 0x05150000)
  to   space 512K,   0% used [0x05050000, 0x05050000, 0x050d0000)
 tenured generation   total 10944K, used 4420K [0x0a150000, 0x0ac00000, 0x14c00000)
   the space 10944K,  40% used [0x0a150000, 0x0a5a1338, 0x0a5a1400, 0x0ac00000)
 Metaspace       used 10229K, capacity 10771K, committed 10880K, reserved 11648K
Event: 2.288 GC heap after
Heap after GC invocations=10 (full 0):
 def new generation   total 4928K, used 106K [0x04c00000, 0x05150000, 0x0a150000)
  eden space 4416K,   0% used [0x04c00000, 0x04c00000, 0x05050000)
  from space 512K,  20% used [0x05050000, 0x0506aa70, 0x050d0000)
  to   space 512K,   0% used [0x050d0000, 0x050d0000, 0x05150000)
 tenured generation   total 10944K, used 7724K [0x0a150000, 0x0ac00000, 0x14c00000)
   the space 10944K,  70% used [0x0a150000, 0x0a8db2d0, 0x0a8db400, 0x0ac00000)
 Metaspace       used 10229K, capacity 10771K, committed 10880K, reserved 11648K
}
Event: 2.369 GC heap before
{Heap before GC invocations=10 (full 0):
 def new generation   total 4928K, used 4522K [0x04c00000, 0x05150000, 0x0a150000)
  eden space 4416K, 100% used [0x04c00000, 0x05050000, 0x05050000)
  from space 512K,  20% used [0x05050000, 0x0506aa70, 0x050d0000)
  to   space 512K,   0% used [0x050d0000, 0x050d0000, 0x05150000)
 tenured generation   total 10944K, used 7724K [0x0a150000, 0x0ac00000, 0x14c00000)
   the space 10944K,  70% used [0x0a150000, 0x0a8db2d0, 0x0a8db400, 0x0ac00000)
 Metaspace       used 10655K, capacity 11259K, committed 11264K, reserved 11648K
Event: 2.371 GC heap after
Heap after GC invocations=11 (full 0):
 def new generation   total 4928K, used 503K [0x04c00000, 0x05150000, 0x0a150000)
  eden space 4416K,   0% used [0x04c00000, 0x04c00000, 0x05050000)
  from space 512K,  98% used [0x050d0000, 0x0514dcd8, 0x05150000)
  to   space 512K,   0% used [0x05050000, 0x05050000, 0x050d0000)
 tenured generation   total 10944K, used 8184K [0x0a150000, 0x0ac00000, 0x14c00000)
   the space 10944K,  74% used [0x0a150000, 0x0a94e328, 0x0a94e400, 0x0ac00000)
 Metaspace       used 10655K, capacity 11259K, committed 11264K, reserved 11648K
}
Event: 2.496 GC heap before
{Heap before GC invocations=11 (full 0):
 def new generation   total 4928K, used 4919K [0x04c00000, 0x05150000, 0x0a150000)
  eden space 4416K, 100% used [0x04c00000, 0x05050000, 0x05050000)
  from space 512K,  98% used [0x050d0000, 0x0514dcd8, 0x05150000)
  to   space 512K,   0% used [0x05050000, 0x05050000, 0x050d0000)
 tenured generation   total 10944K, used 8184K [0x0a150000, 0x0ac00000, 0x14c00000)
   the space 10944K,  74% used [0x0a150000, 0x0a94e328, 0x0a94e400, 0x0ac00000)
 Metaspace       used 11225K, capacity 11947K, committed 12032K, reserved 12672K
Event: 2.500 GC heap after
Heap after GC invocations=12 (full 0):
 def new generation   total 4928K, used 512K [0x04c00000, 0x05150000, 0x0a150000)
  eden space 4416K,   0% used [0x04c00000, 0x04c00000, 0x05050000)
  from space 512K, 100% used [0x05050000, 0x050d0000, 0x050d0000)
  to   space 512K,   0% used [0x050d0000, 0x050d0000, 0x05150000)
 tenured generation   total 10944K, used 8835K [0x0a150000, 0x0ac00000, 0x14c00000)
   the space 10944K,  80% used [0x0a150000, 0x0a9f0e80, 0x0a9f1000, 0x0ac00000)
 Metaspace       used 11225K, capacity 11947K, committed 12032K, reserved 12672K
}

Deoptimization events (0 events):
No events

Classes redefined (0 events):
No events

Internal exceptions (10 events):
Event: 0.209 Thread 0x011bd400 Exception <a 'java/lang/NullPointerException'> (0x04fbd570) thrown at [C:\jenkins\workspace\8-2-build-windows-i586-cygwin\jdk8u261\295\hotspot\src\share\vm\interpreter\linkResolver.cpp, line 1185]
Event: 0.551 Thread 0x1595dc00 Exception <a 'java/lang/NullPointerException'> (0x04dd5aa0) thrown at [C:\jenkins\workspace\8-2-build-windows-i586-cygwin\jdk8u261\295\hotspot\src\share\vm\interpreter\linkResolver.cpp, line 1185]
Event: 0.551 Thread 0x1595dc00 Exception <a 'java/lang/NullPointerException'> (0x04dd5aa0) thrown at [C:\jenkins\workspace\8-2-build-windows-i586-cygwin\jdk8u261\295\hotspot\src\share\vm\prims\jvm.cpp, line 1516]
Event: 0.644 Thread 0x1595dc00 Exception <a 'java/lang/ArrayIndexOutOfBoundsException': 58> (0x04cb6f58) thrown at [C:\jenkins\workspace\8-2-build-windows-i586-cygwin\jdk8u261\295\hotspot\src\share\vm\interpreter\interpreterRuntime.cpp, line 368]
Event: 0.645 Thread 0x1595dc00 Exception <a 'java/lang/ArrayIndexOutOfBoundsException': 18> (0x04cbb9e8) thrown at [C:\jenkins\workspace\8-2-build-windows-i586-cygwin\jdk8u261\295\hotspot\src\share\vm\interpreter\interpreterRuntime.cpp, line 368]
Event: 0.645 Thread 0x1595dc00 Exception <a 'java/lang/ArrayIndexOutOfBoundsException': 86> (0x04cbd648) thrown at [C:\jenkins\workspace\8-2-build-windows-i586-cygwin\jdk8u261\295\hotspot\src\share\vm\interpreter\interpreterRuntime.cpp, line 368]
Event: 0.648 Thread 0x1595dc00 Exception <a 'java/lang/ArrayIndexOutOfBoundsException': 57> (0x04cd21b8) thrown at [C:\jenkins\workspace\8-2-build-windows-i586-cygwin\jdk8u261\295\hotspot\src\share\vm\interpreter\interpreterRuntime.cpp, line 368]
Event: 2.342 Thread 0x1595dc00 Exception <a 'java/lang/ArrayIndexOutOfBoundsException'> (0x04f75818) thrown at [C:\jenkins\workspace\8-2-build-windows-i586-cygwin\jdk8u261\295\hotspot\src\share\vm\runtime\sharedRuntime.cpp, line 605]
Event: 2.342 Thread 0x1595dc00 Exception <a 'java/lang/ArrayIndexOutOfBoundsException'> (0x04f76848) thrown at [C:\jenkins\workspace\8-2-build-windows-i586-cygwin\jdk8u261\295\hotspot\src\share\vm\runtime\sharedRuntime.cpp, line 605]
Event: 2.342 Thread 0x1595dc00 Exception <a 'java/lang/ArrayIndexOutOfBoundsException'> (0x04f78ea0) thrown at [C:\jenkins\workspace\8-2-build-windows-i586-cygwin\jdk8u261\295\hotspot\src\share\vm\runtime\sharedRuntime.cpp, line 605]

Events (10 events):
Event: 2.562 loading class com/sun/scenario/effect/impl/prism/ps/PPSLinearConvolveShadowPeer
Event: 2.562 loading class com/sun/scenario/effect/impl/prism/ps/PPSLinearConvolveShadowPeer done
Event: 2.562 loading class com/sun/scenario/effect/impl/prism/ps/PPSOneSamplerPeer
Event: 2.562 loading class com/sun/scenario/effect/impl/prism/ps/PPSOneSamplerPeer done
Event: 2.562 loading class com/sun/scenario/effect/impl/prism/ps/PPSEffectPeer
Event: 2.562 loading class com/sun/scenario/effect/impl/prism/ps/PPSEffectPeer done
Event: 2.564 loading class com/sun/scenario/effect/impl/BufferUtil
Event: 2.564 loading class com/sun/scenario/effect/impl/BufferUtil done
Event: 2.569 loading class com/sun/prism/shader/DrawRoundRect_Color_Loader
Event: 2.569 loading class com/sun/prism/shader/DrawRoundRect_Color_Loader done


Dynamic libraries:
0x00280000 - 0x002bf000 	C:\Program Files (x86)\Java\jdk1.8.0_261\bin\java.exe
0x76fc0000 - 0x7712f000 	C:\Windows\SYSTEM32\ntdll.dll
0x74d90000 - 0x74ed0000 	C:\Windows\SYSTEM32\KERNEL32.DLL
0x75610000 - 0x756e7000 	C:\Windows\SYSTEM32\KERNELBASE.dll
0x705e0000 - 0x70680000 	C:\Windows\system32\apphelp.dll
0x6f1d0000 - 0x6f432000 	C:\Windows\AppPatch\AcGenral.DLL
0x76d40000 - 0x76e03000 	C:\Windows\SYSTEM32\msvcrt.dll
0x75430000 - 0x75471000 	C:\Windows\SYSTEM32\sechost.dll
0x76b60000 - 0x76b7e000 	C:\Windows\SYSTEM32\SspiCli.dll
0x755c0000 - 0x75605000 	C:\Windows\SYSTEM32\SHLWAPI.dll
0x70b80000 - 0x70c6d000 	C:\Windows\SYSTEM32\UxTheme.dll
0x752d0000 - 0x75424000 	C:\Windows\SYSTEM32\USER32.dll
0x754b0000 - 0x755bc000 	C:\Windows\SYSTEM32\GDI32.dll
0x74700000 - 0x74723000 	C:\Windows\SYSTEM32\WINMM.dll
0x73750000 - 0x73763000 	C:\Windows\SYSTEM32\samcli.dll
0x75750000 - 0x75879000 	C:\Windows\SYSTEM32\ole32.dll
0x750a0000 - 0x75137000 	C:\Windows\SYSTEM32\OLEAUT32.dll
0x70ed0000 - 0x70ee7000 	C:\Windows\SYSTEM32\MSACM32.dll
0x746f0000 - 0x746f8000 	C:\Windows\SYSTEM32\VERSION.dll
0x758a0000 - 0x76b5e000 	C:\Windows\SYSTEM32\SHELL32.dll
0x746b0000 - 0x746cb000 	C:\Windows\SYSTEM32\USERENV.dll
0x702f0000 - 0x7030a000 	C:\Windows\SYSTEM32\dwmapi.dll
0x71d40000 - 0x71e92000 	C:\Windows\SYSTEM32\urlmon.dll
0x74d10000 - 0x74d8c000 	C:\Windows\SYSTEM32\ADVAPI32.dll
0x731d0000 - 0x73235000 	C:\Windows\SYSTEM32\WINSPOOL.DRV
0x72f70000 - 0x72f86000 	C:\Windows\SYSTEM32\MPR.dll
0x76e20000 - 0x76eda000 	C:\Windows\SYSTEM32\RPCRT4.dll
0x74790000 - 0x7479a000 	C:\Windows\SYSTEM32\CRYPTBASE.dll
0x74f20000 - 0x7509c000 	C:\Windows\SYSTEM32\combase.dll
0x74230000 - 0x74253000 	C:\Windows\SYSTEM32\WINMMBASE.dll
0x74210000 - 0x7421f000 	C:\Windows\SYSTEM32\profapi.dll
0x73fd0000 - 0x74208000 	C:\Windows\SYSTEM32\iertutil.dll
0x74260000 - 0x74697000 	C:\Windows\SYSTEM32\WININET.dll
0x74730000 - 0x74784000 	C:\Windows\SYSTEM32\bcryptPrimitives.dll
0x74930000 - 0x7496c000 	C:\Windows\SYSTEM32\cfgmgr32.dll
0x73fa0000 - 0x73fc1000 	C:\Windows\SYSTEM32\DEVOBJ.dll
0x73df0000 - 0x73e7c000 	C:\Windows\SYSTEM32\SHCORE.DLL
0x75480000 - 0x754a7000 	C:\Windows\system32\IMM32.DLL
0x74810000 - 0x74922000 	C:\Windows\SYSTEM32\MSCTF.dll
0x70c80000 - 0x70e87000 	C:\Windows\WinSxS\x86_microsoft.windows.common-controls_6595b64144ccf1df_6.0.9600.19394_none_a9f59c4f01325ed5\COMCTL32.dll
0x70eb0000 - 0x70ec3000 	C:\Program Files (x86)\Java\jdk1.8.0_261\jre\bin\vcruntime140.dll
0x70ea0000 - 0x70ea4000 	C:\Windows\SYSTEM32\api-ms-win-crt-runtime-l1-1-0.dll
0x705d0000 - 0x705d3000 	C:\Windows\SYSTEM32\api-ms-win-crt-heap-l1-1-0.dll
0x705c0000 - 0x705c4000 	C:\Windows\SYSTEM32\api-ms-win-crt-string-l1-1-0.dll
0x705b0000 - 0x705b4000 	C:\Windows\SYSTEM32\api-ms-win-crt-stdio-l1-1-0.dll
0x705a0000 - 0x705a4000 	C:\Windows\SYSTEM32\api-ms-win-crt-convert-l1-1-0.dll
0x704c0000 - 0x7059f000 	C:\Windows\SYSTEM32\ucrtbase.DLL
0x70450000 - 0x704bf000 	C:\Program Files (x86)\Java\jdk1.8.0_261\jre\bin\msvcp140.dll
0x70440000 - 0x70443000 	C:\Windows\SYSTEM32\api-ms-win-crt-locale-l1-1-0.dll
0x70030000 - 0x70035000 	C:\Windows\SYSTEM32\api-ms-win-crt-math-l1-1-0.dll
0x70020000 - 0x70023000 	C:\Windows\SYSTEM32\api-ms-win-crt-filesystem-l1-1-0.dll
0x70010000 - 0x70013000 	C:\Windows\SYSTEM32\api-ms-win-crt-time-l1-1-0.dll
0x70000000 - 0x70003000 	C:\Windows\SYSTEM32\api-ms-win-crt-environment-l1-1-0.dll
0x6fff0000 - 0x6fff3000 	C:\Windows\SYSTEM32\api-ms-win-crt-utility-l1-1-0.dll
0x6eb10000 - 0x6eeee000 	C:\Program Files (x86)\Java\jdk1.8.0_261\jre\bin\client\jvm.dll
0x728c0000 - 0x728c8000 	C:\Windows\SYSTEM32\WSOCK32.dll
0x74800000 - 0x74806000 	C:\Windows\SYSTEM32\PSAPI.DLL
0x74c20000 - 0x74c6f000 	C:\Windows\SYSTEM32\WS2_32.dll
0x76e10000 - 0x76e17000 	C:\Windows\SYSTEM32\NSI.dll
0x6ffe0000 - 0x6ffed000 	C:\Program Files (x86)\Java\jdk1.8.0_261\jre\bin\verify.dll
0x6ffb0000 - 0x6ffd4000 	C:\Program Files (x86)\Java\jdk1.8.0_261\jre\bin\java.dll
0x6ff40000 - 0x6ff6c000 	C:\Program Files (x86)\Java\jdk1.8.0_261\jre\bin\instrument.dll
0x6ff90000 - 0x6ffa4000 	C:\Program Files (x86)\Java\jdk1.8.0_261\jre\bin\zip.dll
0x6fee0000 - 0x6fef6000 	C:\Program Files\JetBrains\IntelliJ IDEA 2020.1.4\bin\breakgen.dll
0x6fec0000 - 0x6fed7000 	C:\Program Files (x86)\Java\jdk1.8.0_261\jre\bin\net.dll
0x73660000 - 0x736ab000 	C:\Windows\system32\mswsock.dll
0x6feb0000 - 0x6feb3000 	C:\Program Files (x86)\Java\jdk1.8.0_261\jre\bin\api-ms-win-core-console-l1-1-0.dll
0x6fea0000 - 0x6fea3000 	C:\Program Files (x86)\Java\jdk1.8.0_261\jre\bin\api-ms-win-core-datetime-l1-1-0.dll
0x6fe90000 - 0x6fe93000 	C:\Program Files (x86)\Java\jdk1.8.0_261\jre\bin\api-ms-win-core-debug-l1-1-0.dll
0x6fe80000 - 0x6fe83000 	C:\Program Files (x86)\Java\jdk1.8.0_261\jre\bin\api-ms-win-core-errorhandling-l1-1-0.dll
0x6fe70000 - 0x6fe74000 	C:\Program Files (x86)\Java\jdk1.8.0_261\jre\bin\api-ms-win-core-file-l1-1-0.dll
0x6fa30000 - 0x6fa33000 	C:\Program Files (x86)\Java\jdk1.8.0_261\jre\bin\api-ms-win-core-file-l1-2-0.dll
0x6fa20000 - 0x6fa23000 	C:\Program Files (x86)\Java\jdk1.8.0_261\jre\bin\api-ms-win-core-file-l2-1-0.dll
0x6fa10000 - 0x6fa13000 	C:\Program Files (x86)\Java\jdk1.8.0_261\jre\bin\api-ms-win-core-handle-l1-1-0.dll
0x6fa00000 - 0x6fa03000 	C:\Program Files (x86)\Java\jdk1.8.0_261\jre\bin\api-ms-win-core-heap-l1-1-0.dll
0x6f9f0000 - 0x6f9f3000 	C:\Program Files (x86)\Java\jdk1.8.0_261\jre\bin\api-ms-win-core-interlocked-l1-1-0.dll
0x6f9e0000 - 0x6f9e3000 	C:\Program Files (x86)\Java\jdk1.8.0_261\jre\bin\api-ms-win-core-libraryloader-l1-1-0.dll
0x6f9d0000 - 0x6f9d3000 	C:\Program Files (x86)\Java\jdk1.8.0_261\jre\bin\api-ms-win-core-localization-l1-2-0.dll
0x6f9c0000 - 0x6f9c3000 	C:\Program Files (x86)\Java\jdk1.8.0_261\jre\bin\api-ms-win-core-memory-l1-1-0.dll
0x6f9b0000 - 0x6f9b3000 	C:\Program Files (x86)\Java\jdk1.8.0_261\jre\bin\api-ms-win-core-namedpipe-l1-1-0.dll
0x6f9a0000 - 0x6f9a3000 	C:\Program Files (x86)\Java\jdk1.8.0_261\jre\bin\api-ms-win-core-processenvironment-l1-1-0.dll
0x6f990000 - 0x6f993000 	C:\Program Files (x86)\Java\jdk1.8.0_261\jre\bin\api-ms-win-core-processthreads-l1-1-0.dll
0x6f980000 - 0x6f983000 	C:\Program Files (x86)\Java\jdk1.8.0_261\jre\bin\api-ms-win-core-processthreads-l1-1-1.dll
0x6f780000 - 0x6f783000 	C:\Program Files (x86)\Java\jdk1.8.0_261\jre\bin\api-ms-win-core-profile-l1-1-0.dll
0x6f770000 - 0x6f773000 	C:\Program Files (x86)\Java\jdk1.8.0_261\jre\bin\api-ms-win-core-rtlsupport-l1-1-0.dll
0x6f620000 - 0x6f623000 	C:\Program Files (x86)\Java\jdk1.8.0_261\jre\bin\api-ms-win-core-string-l1-1-0.dll
0x6f610000 - 0x6f613000 	C:\Program Files (x86)\Java\jdk1.8.0_261\jre\bin\api-ms-win-core-synch-l1-1-0.dll
0x6f600000 - 0x6f603000 	C:\Program Files (x86)\Java\jdk1.8.0_261\jre\bin\api-ms-win-core-synch-l1-2-0.dll
0x6f5f0000 - 0x6f5f3000 	C:\Program Files (x86)\Java\jdk1.8.0_261\jre\bin\api-ms-win-core-sysinfo-l1-1-0.dll
0x6f5e0000 - 0x6f5e3000 	C:\Program Files (x86)\Java\jdk1.8.0_261\jre\bin\api-ms-win-core-timezone-l1-1-0.dll
0x6f5d0000 - 0x6f5d3000 	C:\Program Files (x86)\Java\jdk1.8.0_261\jre\bin\api-ms-win-core-util-l1-1-0.dll
0x6f5c0000 - 0x6f5c3000 	C:\Program Files (x86)\Java\jdk1.8.0_261\jre\bin\api-ms-win-crt-conio-l1-1-0.dll
0x6f5b0000 - 0x6f5b4000 	C:\Program Files (x86)\Java\jdk1.8.0_261\jre\bin\api-ms-win-crt-convert-l1-1-0.dll
0x6f5a0000 - 0x6f5a3000 	C:\Program Files (x86)\Java\jdk1.8.0_261\jre\bin\api-ms-win-crt-environment-l1-1-0.dll
0x6f590000 - 0x6f593000 	C:\Program Files (x86)\Java\jdk1.8.0_261\jre\bin\api-ms-win-crt-filesystem-l1-1-0.dll
0x6f580000 - 0x6f583000 	C:\Program Files (x86)\Java\jdk1.8.0_261\jre\bin\api-ms-win-crt-heap-l1-1-0.dll
0x6f570000 - 0x6f573000 	C:\Program Files (x86)\Java\jdk1.8.0_261\jre\bin\api-ms-win-crt-locale-l1-1-0.dll
0x6f560000 - 0x6f565000 	C:\Program Files (x86)\Java\jdk1.8.0_261\jre\bin\api-ms-win-crt-math-l1-1-0.dll
0x6f550000 - 0x6f555000 	C:\Program Files (x86)\Java\jdk1.8.0_261\jre\bin\api-ms-win-crt-multibyte-l1-1-0.dll
0x6f540000 - 0x6f550000 	C:\Program Files (x86)\Java\jdk1.8.0_261\jre\bin\api-ms-win-crt-private-l1-1-0.dll
0x6f530000 - 0x6f533000 	C:\Program Files (x86)\Java\jdk1.8.0_261\jre\bin\api-ms-win-crt-process-l1-1-0.dll
0x6f520000 - 0x6f524000 	C:\Program Files (x86)\Java\jdk1.8.0_261\jre\bin\api-ms-win-crt-runtime-l1-1-0.dll
0x6f510000 - 0x6f514000 	C:\Program Files (x86)\Java\jdk1.8.0_261\jre\bin\api-ms-win-crt-stdio-l1-1-0.dll
0x6f1c0000 - 0x6f1c4000 	C:\Program Files (x86)\Java\jdk1.8.0_261\jre\bin\api-ms-win-crt-string-l1-1-0.dll
0x6f1b0000 - 0x6f1b3000 	C:\Program Files (x86)\Java\jdk1.8.0_261\jre\bin\api-ms-win-crt-time-l1-1-0.dll
0x6f1a0000 - 0x6f1a3000 	C:\Program Files (x86)\Java\jdk1.8.0_261\jre\bin\api-ms-win-crt-utility-l1-1-0.dll
0x6e710000 - 0x6e833000 	C:\Program Files (x86)\Java\jdk1.8.0_261\jre\bin\ucrtbase.dll
0x6f160000 - 0x6f19c000 	C:\Program Files (x86)\Java\jdk1.8.0_261\jre\bin\concrt140.dll
0x6f140000 - 0x6f15f000 	C:\Program Files (x86)\Java\jdk1.8.0_261\jre\bin\prism_d3d.dll
0x6e010000 - 0x6e1e3000 	C:\Windows\system32\d3d9.dll
0x6c4c0000 - 0x6d636000 	C:\Windows\SYSTEM32\nvd3dum.dll
0x6f100000 - 0x6f136000 	C:\Program Files (x86)\Java\jdk1.8.0_261\jre\bin\glass.dll
0x74b80000 - 0x74c1b000 	C:\Windows\SYSTEM32\COMDLG32.dll
0x6fc30000 - 0x6fdb2000 	C:\Program Files (x86)\360\Total Security\safemon\safemon.dll
0x73880000 - 0x73893000 	C:\Windows\SYSTEM32\NETAPI32.dll
0x73870000 - 0x7387a000 	C:\Windows\SYSTEM32\netutils.dll
0x73850000 - 0x7386d000 	C:\Windows\SYSTEM32\srvcli.dll
0x73830000 - 0x73841000 	C:\Windows\SYSTEM32\wkscli.dll
0x73720000 - 0x73729000 	C:\Windows\SYSTEM32\kernel.appcore.dll
0x71190000 - 0x711d0000 	C:\Windows\SYSTEM32\powrprof.dll
0x6f0c0000 - 0x6f0e4000 	C:\Program Files (x86)\Java\jdk1.8.0_261\jre\bin\javafx_iio.dll
0x6f0b0000 - 0x6f0c0000 	C:\Program Files (x86)\Java\jdk1.8.0_261\jre\bin\javafx_font.dll
0x70710000 - 0x70892000 	C:\Windows\SYSTEM32\dwrite.dll
0x74970000 - 0x749fd000 	C:\Windows\SYSTEM32\clbcatq.dll
0x6eef0000 - 0x6f05b000 	C:\Windows\SYSTEM32\WindowsCodecs.dll
0x73ad0000 - 0x73ae9000 	C:\Windows\SYSTEM32\CRYPTSP.dll
0x73aa0000 - 0x73ad0000 	C:\Windows\system32\rsaenh.dll
0x73a80000 - 0x73a9e000 	C:\Windows\SYSTEM32\bcrypt.dll

VM Arguments:
jvm_args: -javaagent:C:\Program Files\JetBrains\IntelliJ IDEA 2020.1.4\lib\idea_rt.jar=49923:C:\Program Files\JetBrains\IntelliJ IDEA 2020.1.4\bin -Dfile.encoding=UTF-8 
java_command: bingo.game.Bingo
java_class_path (initial): C:\Program Files (x86)\Java\jdk1.8.0_261\jre\lib\charsets.jar;C:\Program Files (x86)\Java\jdk1.8.0_261\jre\lib\deploy.jar;C:\Program Files (x86)\Java\jdk1.8.0_261\jre\lib\ext\access-bridge-32.jar;C:\Program Files (x86)\Java\jdk1.8.0_261\jre\lib\ext\cldrdata.jar;C:\Program Files (x86)\Java\jdk1.8.0_261\jre\lib\ext\dnsns.jar;C:\Program Files (x86)\Java\jdk1.8.0_261\jre\lib\ext\jaccess.jar;C:\Program Files (x86)\Java\jdk1.8.0_261\jre\lib\ext\jfxrt.jar;C:\Program Files (x86)\Java\jdk1.8.0_261\jre\lib\ext\localedata.jar;C:\Program Files (x86)\Java\jdk1.8.0_261\jre\lib\ext\nashorn.jar;C:\Program Files (x86)\Java\jdk1.8.0_261\jre\lib\ext\sunec.jar;C:\Program Files (x86)\Java\jdk1.8.0_261\jre\lib\ext\sunjce_provider.jar;C:\Program Files (x86)\Java\jdk1.8.0_261\jre\lib\ext\sunmscapi.jar;C:\Program Files (x86)\Java\jdk1.8.0_261\jre\lib\ext\sunpkcs11.jar;C:\Program Files (x86)\Java\jdk1.8.0_261\jre\lib\ext\zipfs.jar;C:\Program Files (x86)\Java\jdk1.8.0_261\jre\lib\javaws.jar;C:\Program Files (x86)\Java\jdk1.8.0_261\jre\lib\jce.jar;C:\Program Files (x86)\Java\jdk1.8.0_261\jre\lib\jfr.jar;C:\Program Files (x86)\Java\jdk1.8.0_261\jre\lib\jfxswt.jar;C:\Program Files (x86)\Java\jdk1.8.0_261\jre\lib\jsse.jar;C:\Program Files (x86)\Java\jdk1.8.0_261\jre\lib\management-agent.jar;C:\Program Files (x86)\Java\jdk1.8.0_261\jre\lib\plugin.jar;C:\Program Files (x86)\Java\jdk1.8.0_261\jre\lib\resources.jar;C:\Program Files (x86)\Java\jdk1.8.0_261\jre\lib\rt.jar;C:\Universidad\Redes\Proyecto\bingo-redes-1\out\production\Bingo;C:\Universidad\Redes\Proyecto\bingo-redes-1\src\lib\javafx-swt.jar;C:\Universidad\Redes\Proyecto\bingo-redes-1\src\lib\javafx.web.jar;C:\Universidad\Redes\Proyecto\bingo-redes-1\src\lib\javafx.base.jar;C:\Universidad\Redes\Proyecto\bingo-redes-1\src\lib\javafx.fxml.jar;C:\Universidad\Redes\Proyecto\bingo-redes-1\src\lib\javafx.media.jar;C:\Universidad\Redes\Proyecto\bingo-redes-1\src\lib\javafx.swing.jar;C:\Universidad\Redes\Proyecto\bingo-re
Launcher Type: SUN_STANDARD

Environment Variables:
PATH=C:\Program Files (x86)\Common Files\Oracle\Java\javapath;C:\Program Files\Common Files\Oracle\Java\javapath;C:\Windows\system32;C:\Windows;C:\Windows\System32\Wbem;C:\Windows\System32\WindowsPowerShell\v1.0\;C:\ProgramData\chocolatey\bin;C:\Program Files (x86)\NVIDIA Corporation\PhysX\Common;C:\tools\php74;C:\ProgramData\ComposerSetup\bin;C:\Program Files\nodejs\;C:\Program Files\PostgreSQL\12\bin;C:\Program Files\PostgreSQL\12\lib;C:\Program Files\Git\cmd;C:\Program Files\dotnet\;C:\Program Files\Microsoft SQL Server\130\Tools\Binn\;C:\Program Files\Microsoft SQL Server\Client SDK\ODBC\170\Tools\Binn\;C:\Program Files\Java\jdk-14.0.2\bin;C:\Universidad\Redes\Proyecto\openjfx-11.0.2_windows-x64_bin-sdk\javafx-sdk-11.0.2\lib;C:\Users\rob\AppData\Local\Programs\Microsoft VS Code\bin;C:\Users\rob\AppData\Local\GitHubDesktop\bin;C:\Users\rob\AppData\Roaming\Composer\vendor\bin;C:\Users\rob\AppData\Roaming\npm;C:\Users\rob\.dotnet\tools
USERNAME=rob
OS=Windows_NT
PROCESSOR_IDENTIFIER=AMD64 Family 21 Model 2 Stepping 0, AuthenticAMD



---------------  S Y S T E M  ---------------

OS: Windows 8.1 , 64 bit Build 9600 (6.3.9600.19719)

CPU:total 6 (initial active 6) (6 cores per cpu, 1 threads per core) family 21 model 2 stepping 0, cmov, cx8, fxsr, mmx, sse, sse2, sse3, ssse3, sse4.1, sse4.2, popcnt, avx, aes, clmul, mmxext, 3dnowpref, lzcnt, sse4a, tsc, tscinvbit, tscinv, bmi1

Memory: 4k page, physical 8335700k(4569564k free), swap 16724316k(11902296k free)

vm_info: Java HotSpot(TM) Client VM (25.261-b12) for windows-x86 JRE (1.8.0_261-b12), built on Jun 18 2020 06:57:43 by "" with unknown MS VC++:1916

time: Wed Aug  5 21:07:24 2020
timezone: Hora estándar de Venezuela
elapsed time: 3 seconds (0d 0h 0m 3s)

